[21:18:46.437] Global cache location '/home/hann0t/.cache/typescript/4.5', safe file path '/home/hann0t/Development/react-hexagonal-architecture/node_modules/typescript/lib/typingSafeList.json', types map path /home/hann0t/Development/react-hexagonal-architecture/node_modules/typescript/lib/typesMap.json
[21:18:46.437] Processing cache location '/home/hann0t/.cache/typescript/4.5'
[21:18:46.437] Trying to find '/home/hann0t/.cache/typescript/4.5/package.json'...
[21:18:46.440] Loaded content of '/home/hann0t/.cache/typescript/4.5/package.json': {"private":true,"dependencies":{"types-registry":"^0.1.582"},"devDependencies":{"@types/accepts":"^1.3.5","@types/argparse":"^2.0.10","@types/aria-query":"^5.0.0","@types/array.prototype.flat":"^1.2.1","@types/array.prototype.flatmap":"^1.2.2","@types/asap":"^2.0.0","@types/async":"^3.2.12","@types/atob":"^2.1.2","@types/babel-plugin-macros":"^2.8.5","@types/balanced-match":"^1.0.2","@types/big.js":"^6.1.3","@types/bluebird":"^3.5.36","@types/body-parser":"^1.19.2","@types/bonjour":"^3.5.10","@types/boolbase":"^1.0.1","@types/brace-expansion":"^1.1.0","@types/braces":"^3.0.1","@types/bser":"^2.0.1","@types/buffer-from":"^1.1.0","@types/bytes":"^3.1.1","@types/call-bind":"^1.0.0","@types/camelcase-css":"^2.0.0","@types/caniuse-api":"^3.0.2","@types/caniuse-lite":"^1.0.1","@types/case-sensitive-paths-webpack-plugin":"^2.1.6","@types/charcodes":"^0.2.0","@types/check-types":"^7.3.3","@types/clean-css":"^4.2.5","@types/co":"^4.6.3","@types/color-convert":"^2.0.0","@types/color-name":"^1.1.1","@types/combined-stream":"^1.0.3","@types/common-tags":"^1.8.1","@types/commondir":"^1.0.0","@types/compressible":"^2.0.0","@types/compression":"^1.7.2","@types/concat-map":"^0.0.1","@types/confusing-browser-globals":"^1.0.0","@types/connect-history-api-fallback":"^1.3.5","@types/content-disposition":"^0.5.4","@types/content-type":"^1.1.5","@types/convert-source-map":"^1.5.2","@types/cookie":"^0.4.1","@types/cookie-signature":"^1.0.4","@types/core-js":"^2.5.5","@types/cross-spawn":"^6.0.2","@types/css":"^0.0.33","@types/css-declaration-sorter":"^6.0.1","@types/css-tree":"^1.0.7","@types/cssesc":"^3.0.0","@types/cssnano":"^5.0.0","@types/csso":"^5.0.0","@types/cssom":"^0.4.1","@types/cssstyle":"^2.2.1","@types/damerau-levenshtein":"^1.0.0","@types/data-urls":"^2.0.1","@types/debug":"^4.1.7","@types/decode-uri-component":"^0.2.0","@types/dedent":"^0.7.0","@types/deep-equal":"^1.0.1","@types/default-gateway":"^3.0.1","@types/define-properties":"^1.1.3","@types/defined":"^1.0.0","@types/depd":"^1.1.32","@types/destroy":"^1.0.0","@types/detect-node":"^2.0.0","@types/detective":"^5.1.2","@types/didyoumean":"^1.2.0","@types/dir-glob":"^2.0.1","@types/discontinuous-range":"^1.0.2","@types/dlv":"^1.1.2","@types/dns-packet":"^5.2.4","@types/doctrine":"^0.0.5","@types/domexception":"^2.0.1","@types/ee-first":"^1.1.0","@types/ejs":"^3.1.0","@types/encodeurl":"^1.0.0","@types/enzyme":"^3.10.11","@types/es-abstract":"^1.17.3","@types/es-to-primitive":"^1.2.4","@types/escape-html":"^1.0.1","@types/escodegen":"^0.0.7","@types/eslint":"^8.4.1","@types/eslint-scope":"^3.7.3","@types/eslint-utils":"^3.0.1","@types/esprima":"^4.0.3","@types/esquery":"^1.0.2","@types/estraverse":"^5.1.1","@types/esutils":"^2.0.0","@types/etag":"^1.8.1","@types/events":"^3.0.0","@types/exit":"^0.1.31","@types/express":"^4.17.13","@types/fast-levenshtein":"^0.0.2","@types/fb-watchman":"^2.0.1","@types/file-entry-cache":"^5.0.2","@types/file-loader":"^5.0.1","@types/fill-range":"^7.0.0","@types/finalhandler":"^1.1.1","@types/find-cache-dir":"^3.2.1","@types/flat-cache":"^2.0.0","@types/follow-redirects":"^1.14.1","@types/forwarded":"^0.1.0","@types/fresh":"^0.5.0","@types/fs-extra":"^9.0.13","@types/function-bind":"^1.1.6","@types/functional-red-black-tree":"^1.0.1","@types/get-intrinsic":"^1.0.0","@types/glob":"^7.2.0","@types/glob-parent":"^5.1.1","@types/glob-to-regexp":"^0.4.1","@types/global-modules":"^2.0.0","@types/global-prefix":"^3.0.0","@types/graceful-fs":"^4.1.5","@types/has":"^1.0.0","@types/has-symbols":"^1.0.0","@types/he":"^1.1.2","@types/html-encoding-sniffer":"^2.0.2","@types/html-escaper":"^3.0.0","@types/html-minifier-terser":"^6.1.0","@types/http-errors":"^1.8.2","@types/http-proxy":"^1.17.8","@types/icss-utils":"^5.1.0","@types/imurmurhash":"^0.1.1","@types/inherits":"^0.0.30","@types/ini":"^1.3.31","@types/internal-slot":"^1.0.1","@types/ip":"^1.1.0","@types/is-arguments":"^1.0.0","@types/is-bigint":"^1.0.0","@types/is-boolean-object":"^1.1.0","@types/is-callable":"^1.1.0","@types/is-core-module":"^2.2.0","@types/is-date-object":"^1.0.2","@types/is-glob":"^4.0.2","@types/is-number":"^7.0.2","@types/is-regex":"^1.0.0","@types/is-string":"^1.0.0","@types/is-typedarray":"^1.0.0","@types/isarray":"^2.0.0","@types/isexe":"^2.0.1","@types/istanbul-lib-coverage":"^2.0.4","@types/istanbul-lib-instrument":"^1.7.4","@types/istanbul-lib-report":"^3.0.0","@types/istanbul-lib-source-maps":"^4.0.1","@types/istanbul-reports":"^3.0.1","@types/jake":"^0.0.33","@types/js-yaml":"^4.0.5","@types/jsdom":"^16.2.14","@types/jsesc":"^3.0.1","@types/json-parse-better-errors":"^1.0.0","@types/json-schema":"^7.0.9","@types/jsonfile":"^6.1.0","@types/kind-of":"^6.0.0","@types/language-tags":"^1.0.0","@types/loader-runner":"^2.2.4","@types/loader-utils":"^2.0.3","@types/lodash":"^4.14.179","@types/lodash.debounce":"^4.0.6","@types/lodash.escape":"^4.0.6","@types/lodash.flattendeep":"^4.4.6","@types/lodash.isequal":"^4.5.5","@types/lodash.memoize":"^4.1.6","@types/lodash.merge":"^4.6.6","@types/lodash.sortby":"^4.7.6","@types/lodash.uniq":"^4.5.6","@types/lru-cache":"^7.4.0","@types/lz-string":"^1.3.34","@types/media-typer":"^1.1.1","@types/merge-descriptors":"^1.0.1","@types/merge-stream":"^1.1.2","@types/merge2":"^1.3.1","@types/methods":"^1.1.1","@types/micromatch":"^4.0.2","@types/mime":"^2.0.3","@types/mime-db":"^1.43.1","@types/mime-types":"^2.1.1","@types/min-indent":"^1.0.0","@types/minimalistic-assert":"^1.0.1","@types/minimatch":"^3.0.5","@types/minimist":"^1.2.2","@types/mkdirp":"^1.0.2","@types/moo":"^0.5.5","@types/ms":"^0.7.31","@types/multicast-dns":"^7.2.1","@types/natural-compare":"^1.4.1","@types/nearley":"^2.11.2","@types/negotiator":"^0.6.1","@types/node-forge":"^1.0.0","@types/node-int64":"^0.4.29","@types/normalize-path":"^3.0.0","@types/nwsapi":"^2.2.2","@types/object-assign":"^4.0.30","@types/object-hash":"^2.2.1","@types/object-inspect":"^1.8.1","@types/object-keys":"^1.0.1","@types/object.fromentries":"^2.0.1","@types/object.getownpropertydescriptors":"^2.1.1","@types/on-finished":"^2.3.1","@types/on-headers":"^1.0.0","@types/once":"^1.4.0","@types/parse-json":"^4.0.0","@types/parse5":"^6.0.3","@types/parse5-htmlparser2-tree-adapter":"^6.0.1","@types/parseurl":"^1.3.1","@types/path-is-absolute":"^1.0.0","@types/path-parse":"^1.0.19","@types/picomatch":"^2.3.0","@types/postcss-flexbugs-fixes":"^4.2.1","@types/postcss-gap-properties":"^2.0.1","@types/postcss-modules-extract-imports":"^3.0.2","@types/postcss-modules-local-by-default":"^4.0.0","@types/postcss-modules-scope":"^3.0.0","@types/postcss-modules-values":"^4.0.0","@types/postcss-preset-env":"^6.7.3","@types/prelude-ls":"^1.1.29","@types/prompts":"^2.0.14","@types/prop-types":"^15.7.4","@types/proxy-addr":"^2.0.0","@types/psl":"^1.1.0","@types/punycode":"^2.1.0","@types/q":"^1.5.5","@types/qs":"^6.9.7","@types/raf":"^3.4.0","@types/randombytes":"^2.0.0","@types/range-parser":"^1.2.4","@types/react":"^17.0.39","@types/react-dev-utils":"^9.0.10","@types/react-dom":"^17.0.11","@types/react-is":"^17.0.3","@types/react-test-renderer":"^17.0.1","@types/readable-stream":"^2.3.13","@types/recursive-readdir":"^2.2.0","@types/regenerate":"^1.4.1","@types/regenerator-runtime":"^0.13.1","@types/relateurl":"^0.2.29","@types/require-directory":"^2.1.2","@types/require-from-string":"^1.2.1","@types/requires-port":"^1.0.0","@types/resolve":"^1.20.1","@types/retry":"^0.12.1","@types/rimraf":"^3.0.2","@types/run-parallel":"^1.1.0","@types/safer-buffer":"^2.1.0","@types/sass-loader":"^8.0.3","@types/sax":"^1.2.4","@types/scheduler":"^0.16.2","@types/semver":"^7.3.9","@types/send":"^0.17.1","@types/serialize-javascript":"^5.0.2","@types/serve-index":"^1.9.1","@types/serve-static":"^1.13.10","@types/shebang-command":"^1.2.0","@types/shell-quote":"^1.7.1","@types/signal-exit":"^3.0.1","@types/sockjs":"^0.3.33","@types/source-list-map":"^0.1.2","@types/source-map-support":"^0.5.4","@types/spdy":"^3.4.5","@types/sprintf":"^0.1.0","@types/sprintf-js":"^1.1.2","@types/stack-utils":"^2.0.1","@types/statuses":"^2.0.0","@types/string-natural-compare":"^3.0.2","@types/string.prototype.matchall":"^4.0.1","@types/stringify-object":"^4.0.1","@types/strip-comments":"^2.0.1","@types/strip-final-newline":"^3.0.0","@types/supports-color":"^8.1.1","@types/svg-parser":"^2.0.3","@types/svgo":"^2.6.2","@types/symbol-tree":"^3.2.2","@types/tailwindcss":"^3.0.9","@types/testing-library__jest-dom":"^5.14.3","@types/text-table":"^0.2.2","@types/thunky":"^1.1.0","@types/timsort":"^0.3.0","@types/tmpl":"^1.0.0","@types/to-regex-range":"^5.0.0","@types/tough-cookie":"^4.0.1","@types/tryer":"^1.0.2","@types/type-check":"^0.3.27","@types/type-detect":"^4.0.1","@types/type-is":"^1.6.3","@types/universalify":"^1.0.0","@types/util-deprecate":"^1.0.0","@types/util.promisify":"^1.0.4","@types/utils-merge":"^0.0.28","@types/uuid":"^8.3.4","@types/vary":"^1.1.0","@types/w3c-hr-time":"^1.0.0","@types/w3c-xmlserializer":"^2.0.2","@types/watchpack":"^1.1.7","@types/webidl-conversions":"^6.1.1","@types/webpack-manifest-plugin":"^3.0.5","@types/webpack-sources":"^3.2.0","@types/whatwg-encoding":"^1.0.0","@types/whatwg-mimetype":"^2.1.1","@types/whatwg-url":"^8.2.1","@types/which":"^2.0.1","@types/workbox-sw":"^4.3.2","@types/workbox-webpack-plugin":"^5.1.8","@types/wrap-ansi":"^8.0.1","@types/write-file-atomic":"^4.0.0","@types/ws":"^8.5.2","@types/xtend":"^4.0.4","@types/yallist":"^4.0.1","@types/yargs":"^17.0.9","@types/yargs-parser":"^21.0.0"}}
[21:18:46.440] Loaded content of '/home/hann0t/.cache/typescript/4.5/package-lock.json'
[21:18:46.447] Adding entry into typings cache: 'accepts' => '/home/hann0t/.cache/typescript/4.5/node_modules/@types/accepts/index.d.ts'
[21:18:46.448] Adding entry into typings cache: 'argparse' => '/home/hann0t/.cache/typescript/4.5/node_modules/@types/argparse/index.d.ts'
[21:18:46.449] Adding entry into typings cache: 'aria-query' => '/home/hann0t/.cache/typescript/4.5/node_modules/@types/aria-query/index.d.ts'
[21:18:46.450] Adding entry into typings cache: 'array.prototype.flat' => '/home/hann0t/.cache/typescript/4.5/node_modules/@types/array.prototype.flat/index.d.ts'
[21:18:46.450] Adding entry into typings cache: 'array.prototype.flatmap' => '/home/hann0t/.cache/typescript/4.5/node_modules/@types/array.prototype.flatmap/index.d.ts'
[21:18:46.451] Adding entry into typings cache: 'asap' => '/home/hann0t/.cache/typescript/4.5/node_modules/@types/asap/index.d.ts'
[21:18:46.452] Adding entry into typings cache: 'async' => '/home/hann0t/.cache/typescript/4.5/node_modules/@types/async/index.d.ts'
[21:18:46.453] Adding entry into typings cache: 'atob' => '/home/hann0t/.cache/typescript/4.5/node_modules/@types/atob/index.d.ts'
[21:18:46.454] Adding entry into typings cache: 'babel-plugin-macros' => '/home/hann0t/.cache/typescript/4.5/node_modules/@types/babel-plugin-macros/index.d.ts'
[21:18:46.455] Adding entry into typings cache: 'balanced-match' => '/home/hann0t/.cache/typescript/4.5/node_modules/@types/balanced-match/index.d.ts'
[21:18:46.457] Adding entry into typings cache: 'big.js' => '/home/hann0t/.cache/typescript/4.5/node_modules/@types/big.js/index.d.ts'
[21:18:46.458] Adding entry into typings cache: 'bluebird' => '/home/hann0t/.cache/typescript/4.5/node_modules/@types/bluebird/index.d.ts'
[21:18:46.458] Adding entry into typings cache: 'body-parser' => '/home/hann0t/.cache/typescript/4.5/node_modules/@types/body-parser/index.d.ts'
[21:18:46.459] Adding entry into typings cache: 'bonjour' => '/home/hann0t/.cache/typescript/4.5/node_modules/@types/bonjour/index.d.ts'
[21:18:46.460] Adding entry into typings cache: 'boolbase' => '/home/hann0t/.cache/typescript/4.5/node_modules/@types/boolbase/index.d.ts'
[21:18:46.461] Adding entry into typings cache: 'brace-expansion' => '/home/hann0t/.cache/typescript/4.5/node_modules/@types/brace-expansion/index.d.ts'
[21:18:46.463] Adding entry into typings cache: 'braces' => '/home/hann0t/.cache/typescript/4.5/node_modules/@types/braces/index.d.ts'
[21:18:46.464] Adding entry into typings cache: 'bser' => '/home/hann0t/.cache/typescript/4.5/node_modules/@types/bser/index.d.ts'
[21:18:46.464] Adding entry into typings cache: 'buffer-from' => '/home/hann0t/.cache/typescript/4.5/node_modules/@types/buffer-from/index.d.ts'
[21:18:46.465] Adding entry into typings cache: 'bytes' => '/home/hann0t/.cache/typescript/4.5/node_modules/@types/bytes/index.d.ts'
[21:18:46.465] Adding entry into typings cache: 'call-bind' => '/home/hann0t/.cache/typescript/4.5/node_modules/@types/call-bind/index.d.ts'
[21:18:46.466] Adding entry into typings cache: 'camelcase-css' => '/home/hann0t/.cache/typescript/4.5/node_modules/@types/camelcase-css/index.d.ts'
[21:18:46.466] Adding entry into typings cache: 'caniuse-api' => '/home/hann0t/.cache/typescript/4.5/node_modules/@types/caniuse-api/index.d.ts'
[21:18:46.467] Adding entry into typings cache: 'caniuse-lite' => '/home/hann0t/.cache/typescript/4.5/node_modules/@types/caniuse-lite/index.d.ts'
[21:18:46.467] Adding entry into typings cache: 'case-sensitive-paths-webpack-plugin' => '/home/hann0t/.cache/typescript/4.5/node_modules/@types/case-sensitive-paths-webpack-plugin/index.d.ts'
[21:18:46.468] Adding entry into typings cache: 'charcodes' => '/home/hann0t/.cache/typescript/4.5/node_modules/@types/charcodes/index.d.ts'
[21:18:46.468] Adding entry into typings cache: 'check-types' => '/home/hann0t/.cache/typescript/4.5/node_modules/@types/check-types/index.d.ts'
[21:18:46.468] Adding entry into typings cache: 'clean-css' => '/home/hann0t/.cache/typescript/4.5/node_modules/@types/clean-css/index.d.ts'
[21:18:46.469] Adding entry into typings cache: 'co' => '/home/hann0t/.cache/typescript/4.5/node_modules/@types/co/index.d.ts'
[21:18:46.470] Adding entry into typings cache: 'color-convert' => '/home/hann0t/.cache/typescript/4.5/node_modules/@types/color-convert/index.d.ts'
[21:18:46.471] Adding entry into typings cache: 'color-name' => '/home/hann0t/.cache/typescript/4.5/node_modules/@types/color-name/index.d.ts'
[21:18:46.471] Adding entry into typings cache: 'combined-stream' => '/home/hann0t/.cache/typescript/4.5/node_modules/@types/combined-stream/index.d.ts'
[21:18:46.472] Adding entry into typings cache: 'common-tags' => '/home/hann0t/.cache/typescript/4.5/node_modules/@types/common-tags/index.d.ts'
[21:18:46.472] Adding entry into typings cache: 'commondir' => '/home/hann0t/.cache/typescript/4.5/node_modules/@types/commondir/index.d.ts'
[21:18:46.472] Adding entry into typings cache: 'compressible' => '/home/hann0t/.cache/typescript/4.5/node_modules/@types/compressible/index.d.ts'
[21:18:46.473] Adding entry into typings cache: 'compression' => '/home/hann0t/.cache/typescript/4.5/node_modules/@types/compression/index.d.ts'
[21:18:46.473] Adding entry into typings cache: 'concat-map' => '/home/hann0t/.cache/typescript/4.5/node_modules/@types/concat-map/index.d.ts'
[21:18:46.473] Adding entry into typings cache: 'confusing-browser-globals' => '/home/hann0t/.cache/typescript/4.5/node_modules/@types/confusing-browser-globals/index.d.ts'
[21:18:46.474] Adding entry into typings cache: 'connect-history-api-fallback' => '/home/hann0t/.cache/typescript/4.5/node_modules/@types/connect-history-api-fallback/index.d.ts'
[21:18:46.475] Adding entry into typings cache: 'content-disposition' => '/home/hann0t/.cache/typescript/4.5/node_modules/@types/content-disposition/index.d.ts'
[21:18:46.475] Adding entry into typings cache: 'content-type' => '/home/hann0t/.cache/typescript/4.5/node_modules/@types/content-type/index.d.ts'
[21:18:46.476] Adding entry into typings cache: 'convert-source-map' => '/home/hann0t/.cache/typescript/4.5/node_modules/@types/convert-source-map/index.d.ts'
[21:18:46.476] Adding entry into typings cache: 'cookie' => '/home/hann0t/.cache/typescript/4.5/node_modules/@types/cookie/index.d.ts'
[21:18:46.477] Adding entry into typings cache: 'cookie-signature' => '/home/hann0t/.cache/typescript/4.5/node_modules/@types/cookie-signature/index.d.ts'
[21:18:46.477] Adding entry into typings cache: 'core-js' => '/home/hann0t/.cache/typescript/4.5/node_modules/@types/core-js/index.d.ts'
[21:18:46.478] Adding entry into typings cache: 'cross-spawn' => '/home/hann0t/.cache/typescript/4.5/node_modules/@types/cross-spawn/index.d.ts'
[21:18:46.479] Adding entry into typings cache: 'css' => '/home/hann0t/.cache/typescript/4.5/node_modules/@types/css/index.d.ts'
[21:18:46.479] Adding entry into typings cache: 'css-declaration-sorter' => '/home/hann0t/.cache/typescript/4.5/node_modules/@types/css-declaration-sorter/index.d.ts'
[21:18:46.480] Adding entry into typings cache: 'css-tree' => '/home/hann0t/.cache/typescript/4.5/node_modules/@types/css-tree/index.d.ts'
[21:18:46.480] Adding entry into typings cache: 'cssesc' => '/home/hann0t/.cache/typescript/4.5/node_modules/@types/cssesc/index.d.ts'
[21:18:46.481] Adding entry into typings cache: 'cssnano' => '/home/hann0t/.cache/typescript/4.5/node_modules/@types/cssnano/index.d.ts'
[21:18:46.482] Adding entry into typings cache: 'csso' => '/home/hann0t/.cache/typescript/4.5/node_modules/@types/csso/index.d.ts'
[21:18:46.482] Adding entry into typings cache: 'cssom' => '/home/hann0t/.cache/typescript/4.5/node_modules/@types/cssom/index.d.ts'
[21:18:46.483] Adding entry into typings cache: 'cssstyle' => '/home/hann0t/.cache/typescript/4.5/node_modules/@types/cssstyle/index.d.ts'
[21:18:46.483] Adding entry into typings cache: 'damerau-levenshtein' => '/home/hann0t/.cache/typescript/4.5/node_modules/@types/damerau-levenshtein/index.d.ts'
[21:18:46.484] Adding entry into typings cache: 'data-urls' => '/home/hann0t/.cache/typescript/4.5/node_modules/@types/data-urls/index.d.ts'
[21:18:46.485] Adding entry into typings cache: 'debug' => '/home/hann0t/.cache/typescript/4.5/node_modules/@types/debug/index.d.ts'
[21:18:46.486] Adding entry into typings cache: 'decode-uri-component' => '/home/hann0t/.cache/typescript/4.5/node_modules/@types/decode-uri-component/index.d.ts'
[21:18:46.486] Adding entry into typings cache: 'dedent' => '/home/hann0t/.cache/typescript/4.5/node_modules/@types/dedent/index.d.ts'
[21:18:46.486] Adding entry into typings cache: 'deep-equal' => '/home/hann0t/.cache/typescript/4.5/node_modules/@types/deep-equal/index.d.ts'
[21:18:46.487] Adding entry into typings cache: 'default-gateway' => '/home/hann0t/.cache/typescript/4.5/node_modules/@types/default-gateway/index.d.ts'
[21:18:46.487] Adding entry into typings cache: 'define-properties' => '/home/hann0t/.cache/typescript/4.5/node_modules/@types/define-properties/index.d.ts'
[21:18:46.487] Adding entry into typings cache: 'defined' => '/home/hann0t/.cache/typescript/4.5/node_modules/@types/defined/index.d.ts'
[21:18:46.488] Adding entry into typings cache: 'depd' => '/home/hann0t/.cache/typescript/4.5/node_modules/@types/depd/index.d.ts'
[21:18:46.488] Adding entry into typings cache: 'destroy' => '/home/hann0t/.cache/typescript/4.5/node_modules/@types/destroy/index.d.ts'
[21:18:46.488] Adding entry into typings cache: 'detect-node' => '/home/hann0t/.cache/typescript/4.5/node_modules/@types/detect-node/index.d.ts'
[21:18:46.489] Adding entry into typings cache: 'detective' => '/home/hann0t/.cache/typescript/4.5/node_modules/@types/detective/index.d.ts'
[21:18:46.489] Adding entry into typings cache: 'didyoumean' => '/home/hann0t/.cache/typescript/4.5/node_modules/@types/didyoumean/index.d.ts'
[21:18:46.489] Adding entry into typings cache: 'dir-glob' => '/home/hann0t/.cache/typescript/4.5/node_modules/@types/dir-glob/index.d.ts'
[21:18:46.490] Adding entry into typings cache: 'discontinuous-range' => '/home/hann0t/.cache/typescript/4.5/node_modules/@types/discontinuous-range/index.d.ts'
[21:18:46.490] Adding entry into typings cache: 'dlv' => '/home/hann0t/.cache/typescript/4.5/node_modules/@types/dlv/index.d.ts'
[21:18:46.490] Adding entry into typings cache: 'dns-packet' => '/home/hann0t/.cache/typescript/4.5/node_modules/@types/dns-packet/index.d.ts'
[21:18:46.491] Adding entry into typings cache: 'doctrine' => '/home/hann0t/.cache/typescript/4.5/node_modules/@types/doctrine/index.d.ts'
[21:18:46.491] Adding entry into typings cache: 'domexception' => '/home/hann0t/.cache/typescript/4.5/node_modules/@types/domexception/index.d.ts'
[21:18:46.491] Adding entry into typings cache: 'ee-first' => '/home/hann0t/.cache/typescript/4.5/node_modules/@types/ee-first/index.d.ts'
[21:18:46.492] Adding entry into typings cache: 'ejs' => '/home/hann0t/.cache/typescript/4.5/node_modules/@types/ejs/index.d.ts'
[21:18:46.492] Adding entry into typings cache: 'encodeurl' => '/home/hann0t/.cache/typescript/4.5/node_modules/@types/encodeurl/index.d.ts'
[21:18:46.493] Adding entry into typings cache: 'enzyme' => '/home/hann0t/.cache/typescript/4.5/node_modules/@types/enzyme/index.d.ts'
[21:18:46.493] Adding entry into typings cache: 'es-abstract' => '/home/hann0t/.cache/typescript/4.5/node_modules/@types/es-abstract/index.d.ts'
[21:18:46.494] Adding entry into typings cache: 'es-to-primitive' => '/home/hann0t/.cache/typescript/4.5/node_modules/@types/es-to-primitive/index.d.ts'
[21:18:46.494] Adding entry into typings cache: 'escape-html' => '/home/hann0t/.cache/typescript/4.5/node_modules/@types/escape-html/index.d.ts'
[21:18:46.495] Adding entry into typings cache: 'escodegen' => '/home/hann0t/.cache/typescript/4.5/node_modules/@types/escodegen/index.d.ts'
[21:18:46.495] Adding entry into typings cache: 'eslint' => '/home/hann0t/.cache/typescript/4.5/node_modules/@types/eslint/index.d.ts'
[21:18:46.496] Adding entry into typings cache: 'eslint-scope' => '/home/hann0t/.cache/typescript/4.5/node_modules/@types/eslint-scope/index.d.ts'
[21:18:46.496] Adding entry into typings cache: 'eslint-utils' => '/home/hann0t/.cache/typescript/4.5/node_modules/@types/eslint-utils/index.d.ts'
[21:18:46.497] Adding entry into typings cache: 'esprima' => '/home/hann0t/.cache/typescript/4.5/node_modules/@types/esprima/index.d.ts'
[21:18:46.497] Adding entry into typings cache: 'esquery' => '/home/hann0t/.cache/typescript/4.5/node_modules/@types/esquery/index.d.ts'
[21:18:46.497] Adding entry into typings cache: 'estraverse' => '/home/hann0t/.cache/typescript/4.5/node_modules/@types/estraverse/index.d.ts'
[21:18:46.498] Adding entry into typings cache: 'esutils' => '/home/hann0t/.cache/typescript/4.5/node_modules/@types/esutils/index.d.ts'
[21:18:46.498] Adding entry into typings cache: 'etag' => '/home/hann0t/.cache/typescript/4.5/node_modules/@types/etag/index.d.ts'
[21:18:46.498] Adding entry into typings cache: 'events' => '/home/hann0t/.cache/typescript/4.5/node_modules/@types/events/index.d.ts'
[21:18:46.499] Adding entry into typings cache: 'exit' => '/home/hann0t/.cache/typescript/4.5/node_modules/@types/exit/index.d.ts'
[21:18:46.499] Adding entry into typings cache: 'express' => '/home/hann0t/.cache/typescript/4.5/node_modules/@types/express/index.d.ts'
[21:18:46.500] Adding entry into typings cache: 'fast-levenshtein' => '/home/hann0t/.cache/typescript/4.5/node_modules/@types/fast-levenshtein/index.d.ts'
[21:18:46.500] Adding entry into typings cache: 'fb-watchman' => '/home/hann0t/.cache/typescript/4.5/node_modules/@types/fb-watchman/index.d.ts'
[21:18:46.500] Adding entry into typings cache: 'file-entry-cache' => '/home/hann0t/.cache/typescript/4.5/node_modules/@types/file-entry-cache/index.d.ts'
[21:18:46.500] Adding entry into typings cache: 'file-loader' => '/home/hann0t/.cache/typescript/4.5/node_modules/@types/file-loader/index.d.ts'
[21:18:46.501] Adding entry into typings cache: 'fill-range' => '/home/hann0t/.cache/typescript/4.5/node_modules/@types/fill-range/index.d.ts'
[21:18:46.501] Adding entry into typings cache: 'finalhandler' => '/home/hann0t/.cache/typescript/4.5/node_modules/@types/finalhandler/index.d.ts'
[21:18:46.502] Adding entry into typings cache: 'find-cache-dir' => '/home/hann0t/.cache/typescript/4.5/node_modules/@types/find-cache-dir/index.d.ts'
[21:18:46.502] Adding entry into typings cache: 'flat-cache' => '/home/hann0t/.cache/typescript/4.5/node_modules/@types/flat-cache/index.d.ts'
[21:18:46.503] Adding entry into typings cache: 'follow-redirects' => '/home/hann0t/.cache/typescript/4.5/node_modules/@types/follow-redirects/index.d.ts'
[21:18:46.503] Adding entry into typings cache: 'forwarded' => '/home/hann0t/.cache/typescript/4.5/node_modules/@types/forwarded/index.d.ts'
[21:18:46.503] Adding entry into typings cache: 'fresh' => '/home/hann0t/.cache/typescript/4.5/node_modules/@types/fresh/index.d.ts'
[21:18:46.504] Adding entry into typings cache: 'fs-extra' => '/home/hann0t/.cache/typescript/4.5/node_modules/@types/fs-extra/index.d.ts'
[21:18:46.504] Adding entry into typings cache: 'function-bind' => '/home/hann0t/.cache/typescript/4.5/node_modules/@types/function-bind/index.d.ts'
[21:18:46.505] Adding entry into typings cache: 'functional-red-black-tree' => '/home/hann0t/.cache/typescript/4.5/node_modules/@types/functional-red-black-tree/index.d.ts'
[21:18:46.505] Adding entry into typings cache: 'get-intrinsic' => '/home/hann0t/.cache/typescript/4.5/node_modules/@types/get-intrinsic/index.d.ts'
[21:18:46.506] Adding entry into typings cache: 'glob' => '/home/hann0t/.cache/typescript/4.5/node_modules/@types/glob/index.d.ts'
[21:18:46.507] Adding entry into typings cache: 'glob-parent' => '/home/hann0t/.cache/typescript/4.5/node_modules/@types/glob-parent/index.d.ts'
[21:18:46.507] Adding entry into typings cache: 'glob-to-regexp' => '/home/hann0t/.cache/typescript/4.5/node_modules/@types/glob-to-regexp/index.d.ts'
[21:18:46.507] Adding entry into typings cache: 'global-modules' => '/home/hann0t/.cache/typescript/4.5/node_modules/@types/global-modules/index.d.ts'
[21:18:46.508] Adding entry into typings cache: 'global-prefix' => '/home/hann0t/.cache/typescript/4.5/node_modules/@types/global-prefix/index.d.ts'
[21:18:46.508] Adding entry into typings cache: 'graceful-fs' => '/home/hann0t/.cache/typescript/4.5/node_modules/@types/graceful-fs/index.d.ts'
[21:18:46.509] Adding entry into typings cache: 'has' => '/home/hann0t/.cache/typescript/4.5/node_modules/@types/has/index.d.ts'
[21:18:46.509] Adding entry into typings cache: 'has-symbols' => '/home/hann0t/.cache/typescript/4.5/node_modules/@types/has-symbols/index.d.ts'
[21:18:46.509] Adding entry into typings cache: 'he' => '/home/hann0t/.cache/typescript/4.5/node_modules/@types/he/index.d.ts'
[21:18:46.510] Adding entry into typings cache: 'html-encoding-sniffer' => '/home/hann0t/.cache/typescript/4.5/node_modules/@types/html-encoding-sniffer/index.d.ts'
[21:18:46.510] Adding entry into typings cache: 'html-escaper' => '/home/hann0t/.cache/typescript/4.5/node_modules/@types/html-escaper/index.d.ts'
[21:18:46.510] Adding entry into typings cache: 'html-minifier-terser' => '/home/hann0t/.cache/typescript/4.5/node_modules/@types/html-minifier-terser/index.d.ts'
[21:18:46.511] Adding entry into typings cache: 'http-errors' => '/home/hann0t/.cache/typescript/4.5/node_modules/@types/http-errors/index.d.ts'
[21:18:46.512] Adding entry into typings cache: 'http-proxy' => '/home/hann0t/.cache/typescript/4.5/node_modules/@types/http-proxy/index.d.ts'
[21:18:46.512] Adding entry into typings cache: 'icss-utils' => '/home/hann0t/.cache/typescript/4.5/node_modules/@types/icss-utils/index.d.ts'
[21:18:46.512] Adding entry into typings cache: 'imurmurhash' => '/home/hann0t/.cache/typescript/4.5/node_modules/@types/imurmurhash/index.d.ts'
[21:18:46.513] Adding entry into typings cache: 'inherits' => '/home/hann0t/.cache/typescript/4.5/node_modules/@types/inherits/index.d.ts'
[21:18:46.513] Adding entry into typings cache: 'ini' => '/home/hann0t/.cache/typescript/4.5/node_modules/@types/ini/index.d.ts'
[21:18:46.514] Adding entry into typings cache: 'internal-slot' => '/home/hann0t/.cache/typescript/4.5/node_modules/@types/internal-slot/index.d.ts'
[21:18:46.514] Adding entry into typings cache: 'ip' => '/home/hann0t/.cache/typescript/4.5/node_modules/@types/ip/index.d.ts'
[21:18:46.514] Adding entry into typings cache: 'is-arguments' => '/home/hann0t/.cache/typescript/4.5/node_modules/@types/is-arguments/index.d.ts'
[21:18:46.515] Adding entry into typings cache: 'is-bigint' => '/home/hann0t/.cache/typescript/4.5/node_modules/@types/is-bigint/index.d.ts'
[21:18:46.515] Adding entry into typings cache: 'is-boolean-object' => '/home/hann0t/.cache/typescript/4.5/node_modules/@types/is-boolean-object/index.d.ts'
[21:18:46.515] Adding entry into typings cache: 'is-callable' => '/home/hann0t/.cache/typescript/4.5/node_modules/@types/is-callable/index.d.ts'
[21:18:46.516] Adding entry into typings cache: 'is-core-module' => '/home/hann0t/.cache/typescript/4.5/node_modules/@types/is-core-module/index.d.ts'
[21:18:46.516] Adding entry into typings cache: 'is-date-object' => '/home/hann0t/.cache/typescript/4.5/node_modules/@types/is-date-object/index.d.ts'
[21:18:46.517] Adding entry into typings cache: 'is-glob' => '/home/hann0t/.cache/typescript/4.5/node_modules/@types/is-glob/index.d.ts'
[21:18:46.518] Adding entry into typings cache: 'is-number' => '/home/hann0t/.cache/typescript/4.5/node_modules/@types/is-number/index.d.ts'
[21:18:46.518] Adding entry into typings cache: 'is-regex' => '/home/hann0t/.cache/typescript/4.5/node_modules/@types/is-regex/index.d.ts'
[21:18:46.518] Adding entry into typings cache: 'is-string' => '/home/hann0t/.cache/typescript/4.5/node_modules/@types/is-string/index.d.ts'
[21:18:46.519] Adding entry into typings cache: 'is-typedarray' => '/home/hann0t/.cache/typescript/4.5/node_modules/@types/is-typedarray/index.d.ts'
[21:18:46.519] Adding entry into typings cache: 'isarray' => '/home/hann0t/.cache/typescript/4.5/node_modules/@types/isarray/index.d.ts'
[21:18:46.519] Adding entry into typings cache: 'isexe' => '/home/hann0t/.cache/typescript/4.5/node_modules/@types/isexe/index.d.ts'
[21:18:46.520] Adding entry into typings cache: 'istanbul-lib-coverage' => '/home/hann0t/.cache/typescript/4.5/node_modules/@types/istanbul-lib-coverage/index.d.ts'
[21:18:46.520] Adding entry into typings cache: 'istanbul-lib-instrument' => '/home/hann0t/.cache/typescript/4.5/node_modules/@types/istanbul-lib-instrument/index.d.ts'
[21:18:46.520] Adding entry into typings cache: 'istanbul-lib-report' => '/home/hann0t/.cache/typescript/4.5/node_modules/@types/istanbul-lib-report/index.d.ts'
[21:18:46.520] Adding entry into typings cache: 'istanbul-lib-source-maps' => '/home/hann0t/.cache/typescript/4.5/node_modules/@types/istanbul-lib-source-maps/index.d.ts'
[21:18:46.520] Adding entry into typings cache: 'istanbul-reports' => '/home/hann0t/.cache/typescript/4.5/node_modules/@types/istanbul-reports/index.d.ts'
[21:18:46.521] Adding entry into typings cache: 'jake' => '/home/hann0t/.cache/typescript/4.5/node_modules/@types/jake/index.d.ts'
[21:18:46.521] Adding entry into typings cache: 'js-yaml' => '/home/hann0t/.cache/typescript/4.5/node_modules/@types/js-yaml/index.d.ts'
[21:18:46.521] Adding entry into typings cache: 'jsdom' => '/home/hann0t/.cache/typescript/4.5/node_modules/@types/jsdom/index.d.ts'
[21:18:46.522] Adding entry into typings cache: 'jsesc' => '/home/hann0t/.cache/typescript/4.5/node_modules/@types/jsesc/index.d.ts'
[21:18:46.522] Adding entry into typings cache: 'json-parse-better-errors' => '/home/hann0t/.cache/typescript/4.5/node_modules/@types/json-parse-better-errors/index.d.ts'
[21:18:46.522] Adding entry into typings cache: 'json-schema' => '/home/hann0t/.cache/typescript/4.5/node_modules/@types/json-schema/index.d.ts'
[21:18:46.522] Adding entry into typings cache: 'jsonfile' => '/home/hann0t/.cache/typescript/4.5/node_modules/@types/jsonfile/index.d.ts'
[21:18:46.523] Adding entry into typings cache: 'kind-of' => '/home/hann0t/.cache/typescript/4.5/node_modules/@types/kind-of/index.d.ts'
[21:18:46.523] Adding entry into typings cache: 'language-tags' => '/home/hann0t/.cache/typescript/4.5/node_modules/@types/language-tags/index.d.ts'
[21:18:46.524] Adding entry into typings cache: 'loader-runner' => '/home/hann0t/.cache/typescript/4.5/node_modules/@types/loader-runner/index.d.ts'
[21:18:46.524] Adding entry into typings cache: 'loader-utils' => '/home/hann0t/.cache/typescript/4.5/node_modules/@types/loader-utils/index.d.ts'
[21:18:46.525] Adding entry into typings cache: 'lodash' => '/home/hann0t/.cache/typescript/4.5/node_modules/@types/lodash/index.d.ts'
[21:18:46.525] Adding entry into typings cache: 'lodash.debounce' => '/home/hann0t/.cache/typescript/4.5/node_modules/@types/lodash.debounce/index.d.ts'
[21:18:46.525] Adding entry into typings cache: 'lodash.escape' => '/home/hann0t/.cache/typescript/4.5/node_modules/@types/lodash.escape/index.d.ts'
[21:18:46.526] Adding entry into typings cache: 'lodash.flattendeep' => '/home/hann0t/.cache/typescript/4.5/node_modules/@types/lodash.flattendeep/index.d.ts'
[21:18:46.526] Adding entry into typings cache: 'lodash.isequal' => '/home/hann0t/.cache/typescript/4.5/node_modules/@types/lodash.isequal/index.d.ts'
[21:18:46.527] Adding entry into typings cache: 'lodash.memoize' => '/home/hann0t/.cache/typescript/4.5/node_modules/@types/lodash.memoize/index.d.ts'
[21:18:46.527] Adding entry into typings cache: 'lodash.merge' => '/home/hann0t/.cache/typescript/4.5/node_modules/@types/lodash.merge/index.d.ts'
[21:18:46.527] Adding entry into typings cache: 'lodash.sortby' => '/home/hann0t/.cache/typescript/4.5/node_modules/@types/lodash.sortby/index.d.ts'
[21:18:46.527] Adding entry into typings cache: 'lodash.uniq' => '/home/hann0t/.cache/typescript/4.5/node_modules/@types/lodash.uniq/index.d.ts'
[21:18:46.528] Adding entry into typings cache: 'lru-cache' => '/home/hann0t/.cache/typescript/4.5/node_modules/@types/lru-cache/index.d.ts'
[21:18:46.528] Adding entry into typings cache: 'lz-string' => '/home/hann0t/.cache/typescript/4.5/node_modules/@types/lz-string/index.d.ts'
[21:18:46.528] Adding entry into typings cache: 'media-typer' => '/home/hann0t/.cache/typescript/4.5/node_modules/@types/media-typer/index.d.ts'
[21:18:46.528] Adding entry into typings cache: 'merge-descriptors' => '/home/hann0t/.cache/typescript/4.5/node_modules/@types/merge-descriptors/index.d.ts'
[21:18:46.529] Adding entry into typings cache: 'merge-stream' => '/home/hann0t/.cache/typescript/4.5/node_modules/@types/merge-stream/index.d.ts'
[21:18:46.529] Adding entry into typings cache: 'merge2' => '/home/hann0t/.cache/typescript/4.5/node_modules/@types/merge2/index.d.ts'
[21:18:46.529] Adding entry into typings cache: 'methods' => '/home/hann0t/.cache/typescript/4.5/node_modules/@types/methods/index.d.ts'
[21:18:46.530] Adding entry into typings cache: 'micromatch' => '/home/hann0t/.cache/typescript/4.5/node_modules/@types/micromatch/index.d.ts'
[21:18:46.530] Adding entry into typings cache: 'mime' => '/home/hann0t/.cache/typescript/4.5/node_modules/@types/mime/index.d.ts'
[21:18:46.530] Adding entry into typings cache: 'mime-db' => '/home/hann0t/.cache/typescript/4.5/node_modules/@types/mime-db/index.d.ts'
[21:18:46.530] Adding entry into typings cache: 'mime-types' => '/home/hann0t/.cache/typescript/4.5/node_modules/@types/mime-types/index.d.ts'
[21:18:46.531] Adding entry into typings cache: 'min-indent' => '/home/hann0t/.cache/typescript/4.5/node_modules/@types/min-indent/index.d.ts'
[21:18:46.531] Adding entry into typings cache: 'minimalistic-assert' => '/home/hann0t/.cache/typescript/4.5/node_modules/@types/minimalistic-assert/index.d.ts'
[21:18:46.531] Adding entry into typings cache: 'minimatch' => '/home/hann0t/.cache/typescript/4.5/node_modules/@types/minimatch/index.d.ts'
[21:18:46.531] Adding entry into typings cache: 'minimist' => '/home/hann0t/.cache/typescript/4.5/node_modules/@types/minimist/index.d.ts'
[21:18:46.532] Adding entry into typings cache: 'mkdirp' => '/home/hann0t/.cache/typescript/4.5/node_modules/@types/mkdirp/index.d.ts'
[21:18:46.533] Adding entry into typings cache: 'moo' => '/home/hann0t/.cache/typescript/4.5/node_modules/@types/moo/index.d.ts'
[21:18:46.533] Adding entry into typings cache: 'ms' => '/home/hann0t/.cache/typescript/4.5/node_modules/@types/ms/index.d.ts'
[21:18:46.533] Adding entry into typings cache: 'multicast-dns' => '/home/hann0t/.cache/typescript/4.5/node_modules/@types/multicast-dns/index.d.ts'
[21:18:46.534] Adding entry into typings cache: 'natural-compare' => '/home/hann0t/.cache/typescript/4.5/node_modules/@types/natural-compare/index.d.ts'
[21:18:46.534] Adding entry into typings cache: 'nearley' => '/home/hann0t/.cache/typescript/4.5/node_modules/@types/nearley/index.d.ts'
[21:18:46.534] Adding entry into typings cache: 'negotiator' => '/home/hann0t/.cache/typescript/4.5/node_modules/@types/negotiator/index.d.ts'
[21:18:46.534] Adding entry into typings cache: 'node-forge' => '/home/hann0t/.cache/typescript/4.5/node_modules/@types/node-forge/index.d.ts'
[21:18:46.535] Adding entry into typings cache: 'node-int64' => '/home/hann0t/.cache/typescript/4.5/node_modules/@types/node-int64/index.d.ts'
[21:18:46.535] Adding entry into typings cache: 'normalize-path' => '/home/hann0t/.cache/typescript/4.5/node_modules/@types/normalize-path/index.d.ts'
[21:18:46.535] Adding entry into typings cache: 'nwsapi' => '/home/hann0t/.cache/typescript/4.5/node_modules/@types/nwsapi/index.d.ts'
[21:18:46.535] Adding entry into typings cache: 'object-assign' => '/home/hann0t/.cache/typescript/4.5/node_modules/@types/object-assign/index.d.ts'
[21:18:46.536] Adding entry into typings cache: 'object-hash' => '/home/hann0t/.cache/typescript/4.5/node_modules/@types/object-hash/index.d.ts'
[21:18:46.536] Adding entry into typings cache: 'object-inspect' => '/home/hann0t/.cache/typescript/4.5/node_modules/@types/object-inspect/index.d.ts'
[21:18:46.536] Adding entry into typings cache: 'object-keys' => '/home/hann0t/.cache/typescript/4.5/node_modules/@types/object-keys/index.d.ts'
[21:18:46.536] Adding entry into typings cache: 'object.fromentries' => '/home/hann0t/.cache/typescript/4.5/node_modules/@types/object.fromentries/index.d.ts'
[21:18:46.537] Adding entry into typings cache: 'object.getownpropertydescriptors' => '/home/hann0t/.cache/typescript/4.5/node_modules/@types/object.getownpropertydescriptors/index.d.ts'
[21:18:46.537] Adding entry into typings cache: 'on-finished' => '/home/hann0t/.cache/typescript/4.5/node_modules/@types/on-finished/index.d.ts'
[21:18:46.537] Adding entry into typings cache: 'on-headers' => '/home/hann0t/.cache/typescript/4.5/node_modules/@types/on-headers/index.d.ts'
[21:18:46.537] Adding entry into typings cache: 'once' => '/home/hann0t/.cache/typescript/4.5/node_modules/@types/once/index.d.ts'
[21:18:46.538] Adding entry into typings cache: 'parse-json' => '/home/hann0t/.cache/typescript/4.5/node_modules/@types/parse-json/index.d.ts'
[21:18:46.538] Adding entry into typings cache: 'parse5' => '/home/hann0t/.cache/typescript/4.5/node_modules/@types/parse5/index.d.ts'
[21:18:46.538] Adding entry into typings cache: 'parse5-htmlparser2-tree-adapter' => '/home/hann0t/.cache/typescript/4.5/node_modules/@types/parse5-htmlparser2-tree-adapter/index.d.ts'
[21:18:46.538] Adding entry into typings cache: 'parseurl' => '/home/hann0t/.cache/typescript/4.5/node_modules/@types/parseurl/index.d.ts'
[21:18:46.539] Adding entry into typings cache: 'path-is-absolute' => '/home/hann0t/.cache/typescript/4.5/node_modules/@types/path-is-absolute/index.d.ts'
[21:18:46.539] Adding entry into typings cache: 'path-parse' => '/home/hann0t/.cache/typescript/4.5/node_modules/@types/path-parse/index.d.ts'
[21:18:46.540] Adding entry into typings cache: 'picomatch' => '/home/hann0t/.cache/typescript/4.5/node_modules/@types/picomatch/index.d.ts'
[21:18:46.540] Adding entry into typings cache: 'postcss-flexbugs-fixes' => '/home/hann0t/.cache/typescript/4.5/node_modules/@types/postcss-flexbugs-fixes/index.d.ts'
[21:18:46.540] Adding entry into typings cache: 'postcss-gap-properties' => '/home/hann0t/.cache/typescript/4.5/node_modules/@types/postcss-gap-properties/index.d.ts'
[21:18:46.540] Adding entry into typings cache: 'postcss-modules-extract-imports' => '/home/hann0t/.cache/typescript/4.5/node_modules/@types/postcss-modules-extract-imports/index.d.ts'
[21:18:46.541] Adding entry into typings cache: 'postcss-modules-local-by-default' => '/home/hann0t/.cache/typescript/4.5/node_modules/@types/postcss-modules-local-by-default/index.d.ts'
[21:18:46.541] Adding entry into typings cache: 'postcss-modules-scope' => '/home/hann0t/.cache/typescript/4.5/node_modules/@types/postcss-modules-scope/index.d.ts'
[21:18:46.541] Adding entry into typings cache: 'postcss-modules-values' => '/home/hann0t/.cache/typescript/4.5/node_modules/@types/postcss-modules-values/index.d.ts'
[21:18:46.542] Adding entry into typings cache: 'postcss-preset-env' => '/home/hann0t/.cache/typescript/4.5/node_modules/@types/postcss-preset-env/index.d.ts'
[21:18:46.542] Adding entry into typings cache: 'prelude-ls' => '/home/hann0t/.cache/typescript/4.5/node_modules/@types/prelude-ls/index.d.ts'
[21:18:46.542] Adding entry into typings cache: 'prompts' => '/home/hann0t/.cache/typescript/4.5/node_modules/@types/prompts/index.d.ts'
[21:18:46.542] Adding entry into typings cache: 'prop-types' => '/home/hann0t/.cache/typescript/4.5/node_modules/@types/prop-types/index.d.ts'
[21:18:46.543] Adding entry into typings cache: 'proxy-addr' => '/home/hann0t/.cache/typescript/4.5/node_modules/@types/proxy-addr/index.d.ts'
[21:18:46.543] Adding entry into typings cache: 'psl' => '/home/hann0t/.cache/typescript/4.5/node_modules/@types/psl/index.d.ts'
[21:18:46.543] Adding entry into typings cache: 'punycode' => '/home/hann0t/.cache/typescript/4.5/node_modules/@types/punycode/index.d.ts'
[21:18:46.543] Adding entry into typings cache: 'q' => '/home/hann0t/.cache/typescript/4.5/node_modules/@types/q/index.d.ts'
[21:18:46.544] Adding entry into typings cache: 'qs' => '/home/hann0t/.cache/typescript/4.5/node_modules/@types/qs/index.d.ts'
[21:18:46.544] Adding entry into typings cache: 'raf' => '/home/hann0t/.cache/typescript/4.5/node_modules/@types/raf/index.d.ts'
[21:18:46.544] Adding entry into typings cache: 'randombytes' => '/home/hann0t/.cache/typescript/4.5/node_modules/@types/randombytes/index.d.ts'
[21:18:46.544] Adding entry into typings cache: 'range-parser' => '/home/hann0t/.cache/typescript/4.5/node_modules/@types/range-parser/index.d.ts'
[21:18:46.545] Adding entry into typings cache: 'react' => '/home/hann0t/.cache/typescript/4.5/node_modules/@types/react/index.d.ts'
[21:18:46.545] Adding entry into typings cache: 'react-dev-utils' => '/home/hann0t/.cache/typescript/4.5/node_modules/@types/react-dev-utils/index.d.ts'
[21:18:46.545] Adding entry into typings cache: 'react-dom' => '/home/hann0t/.cache/typescript/4.5/node_modules/@types/react-dom/index.d.ts'
[21:18:46.545] Adding entry into typings cache: 'react-is' => '/home/hann0t/.cache/typescript/4.5/node_modules/@types/react-is/index.d.ts'
[21:18:46.546] Adding entry into typings cache: 'react-test-renderer' => '/home/hann0t/.cache/typescript/4.5/node_modules/@types/react-test-renderer/index.d.ts'
[21:18:46.546] Adding entry into typings cache: 'readable-stream' => '/home/hann0t/.cache/typescript/4.5/node_modules/@types/readable-stream/index.d.ts'
[21:18:46.546] Adding entry into typings cache: 'recursive-readdir' => '/home/hann0t/.cache/typescript/4.5/node_modules/@types/recursive-readdir/index.d.ts'
[21:18:46.546] Adding entry into typings cache: 'regenerate' => '/home/hann0t/.cache/typescript/4.5/node_modules/@types/regenerate/index.d.ts'
[21:18:46.547] Adding entry into typings cache: 'regenerator-runtime' => '/home/hann0t/.cache/typescript/4.5/node_modules/@types/regenerator-runtime/index.d.ts'
[21:18:46.547] Adding entry into typings cache: 'relateurl' => '/home/hann0t/.cache/typescript/4.5/node_modules/@types/relateurl/index.d.ts'
[21:18:46.547] Adding entry into typings cache: 'require-directory' => '/home/hann0t/.cache/typescript/4.5/node_modules/@types/require-directory/index.d.ts'
[21:18:46.547] Adding entry into typings cache: 'require-from-string' => '/home/hann0t/.cache/typescript/4.5/node_modules/@types/require-from-string/index.d.ts'
[21:18:46.547] Adding entry into typings cache: 'requires-port' => '/home/hann0t/.cache/typescript/4.5/node_modules/@types/requires-port/index.d.ts'
[21:18:46.548] Adding entry into typings cache: 'resolve' => '/home/hann0t/.cache/typescript/4.5/node_modules/@types/resolve/index.d.ts'
[21:18:46.548] Adding entry into typings cache: 'retry' => '/home/hann0t/.cache/typescript/4.5/node_modules/@types/retry/index.d.ts'
[21:18:46.548] Adding entry into typings cache: 'rimraf' => '/home/hann0t/.cache/typescript/4.5/node_modules/@types/rimraf/index.d.ts'
[21:18:46.548] Adding entry into typings cache: 'run-parallel' => '/home/hann0t/.cache/typescript/4.5/node_modules/@types/run-parallel/index.d.ts'
[21:18:46.548] Adding entry into typings cache: 'safer-buffer' => '/home/hann0t/.cache/typescript/4.5/node_modules/@types/safer-buffer/index.d.ts'
[21:18:46.549] Adding entry into typings cache: 'sass-loader' => '/home/hann0t/.cache/typescript/4.5/node_modules/@types/sass-loader/index.d.ts'
[21:18:46.549] Adding entry into typings cache: 'sax' => '/home/hann0t/.cache/typescript/4.5/node_modules/@types/sax/index.d.ts'
[21:18:46.549] Adding entry into typings cache: 'scheduler' => '/home/hann0t/.cache/typescript/4.5/node_modules/@types/scheduler/index.d.ts'
[21:18:46.549] Adding entry into typings cache: 'semver' => '/home/hann0t/.cache/typescript/4.5/node_modules/@types/semver/index.d.ts'
[21:18:46.550] Adding entry into typings cache: 'send' => '/home/hann0t/.cache/typescript/4.5/node_modules/@types/send/index.d.ts'
[21:18:46.550] Adding entry into typings cache: 'serialize-javascript' => '/home/hann0t/.cache/typescript/4.5/node_modules/@types/serialize-javascript/index.d.ts'
[21:18:46.550] Adding entry into typings cache: 'serve-index' => '/home/hann0t/.cache/typescript/4.5/node_modules/@types/serve-index/index.d.ts'
[21:18:46.550] Adding entry into typings cache: 'serve-static' => '/home/hann0t/.cache/typescript/4.5/node_modules/@types/serve-static/index.d.ts'
[21:18:46.550] Adding entry into typings cache: 'shebang-command' => '/home/hann0t/.cache/typescript/4.5/node_modules/@types/shebang-command/index.d.ts'
[21:18:46.550] Adding entry into typings cache: 'shell-quote' => '/home/hann0t/.cache/typescript/4.5/node_modules/@types/shell-quote/index.d.ts'
[21:18:46.551] Adding entry into typings cache: 'signal-exit' => '/home/hann0t/.cache/typescript/4.5/node_modules/@types/signal-exit/index.d.ts'
[21:18:46.551] Adding entry into typings cache: 'sockjs' => '/home/hann0t/.cache/typescript/4.5/node_modules/@types/sockjs/index.d.ts'
[21:18:46.551] Adding entry into typings cache: 'source-list-map' => '/home/hann0t/.cache/typescript/4.5/node_modules/@types/source-list-map/index.d.ts'
[21:18:46.551] Adding entry into typings cache: 'source-map-support' => '/home/hann0t/.cache/typescript/4.5/node_modules/@types/source-map-support/index.d.ts'
[21:18:46.552] Adding entry into typings cache: 'spdy' => '/home/hann0t/.cache/typescript/4.5/node_modules/@types/spdy/index.d.ts'
[21:18:46.552] Adding entry into typings cache: 'sprintf' => '/home/hann0t/.cache/typescript/4.5/node_modules/@types/sprintf/index.d.ts'
[21:18:46.552] Adding entry into typings cache: 'sprintf-js' => '/home/hann0t/.cache/typescript/4.5/node_modules/@types/sprintf-js/index.d.ts'
[21:18:46.552] Adding entry into typings cache: 'stack-utils' => '/home/hann0t/.cache/typescript/4.5/node_modules/@types/stack-utils/index.d.ts'
[21:18:46.553] Adding entry into typings cache: 'statuses' => '/home/hann0t/.cache/typescript/4.5/node_modules/@types/statuses/index.d.ts'
[21:18:46.553] Adding entry into typings cache: 'string-natural-compare' => '/home/hann0t/.cache/typescript/4.5/node_modules/@types/string-natural-compare/index.d.ts'
[21:18:46.553] Adding entry into typings cache: 'string.prototype.matchall' => '/home/hann0t/.cache/typescript/4.5/node_modules/@types/string.prototype.matchall/index.d.ts'
[21:18:46.553] Adding entry into typings cache: 'stringify-object' => '/home/hann0t/.cache/typescript/4.5/node_modules/@types/stringify-object/index.d.ts'
[21:18:46.554] Adding entry into typings cache: 'strip-comments' => '/home/hann0t/.cache/typescript/4.5/node_modules/@types/strip-comments/index.d.ts'
[21:18:46.554] Adding entry into typings cache: 'strip-final-newline' => '/home/hann0t/.cache/typescript/4.5/node_modules/@types/strip-final-newline/index.d.ts'
[21:18:46.554] Adding entry into typings cache: 'supports-color' => '/home/hann0t/.cache/typescript/4.5/node_modules/@types/supports-color/index.d.ts'
[21:18:46.554] Adding entry into typings cache: 'svg-parser' => '/home/hann0t/.cache/typescript/4.5/node_modules/@types/svg-parser/index.d.ts'
[21:18:46.555] Adding entry into typings cache: 'svgo' => '/home/hann0t/.cache/typescript/4.5/node_modules/@types/svgo/index.d.ts'
[21:18:46.555] Adding entry into typings cache: 'symbol-tree' => '/home/hann0t/.cache/typescript/4.5/node_modules/@types/symbol-tree/index.d.ts'
[21:18:46.555] Adding entry into typings cache: 'tailwindcss' => '/home/hann0t/.cache/typescript/4.5/node_modules/@types/tailwindcss/index.d.ts'
[21:18:46.555] Adding entry into typings cache: 'testing-library__jest-dom' => '/home/hann0t/.cache/typescript/4.5/node_modules/@types/testing-library__jest-dom/index.d.ts'
[21:18:46.555] Adding entry into typings cache: 'text-table' => '/home/hann0t/.cache/typescript/4.5/node_modules/@types/text-table/index.d.ts'
[21:18:46.556] Adding entry into typings cache: 'thunky' => '/home/hann0t/.cache/typescript/4.5/node_modules/@types/thunky/index.d.ts'
[21:18:46.556] Adding entry into typings cache: 'timsort' => '/home/hann0t/.cache/typescript/4.5/node_modules/@types/timsort/index.d.ts'
[21:18:46.556] Adding entry into typings cache: 'tmpl' => '/home/hann0t/.cache/typescript/4.5/node_modules/@types/tmpl/index.d.ts'
[21:18:46.557] Adding entry into typings cache: 'to-regex-range' => '/home/hann0t/.cache/typescript/4.5/node_modules/@types/to-regex-range/index.d.ts'
[21:18:46.557] Adding entry into typings cache: 'tough-cookie' => '/home/hann0t/.cache/typescript/4.5/node_modules/@types/tough-cookie/index.d.ts'
[21:18:46.557] Adding entry into typings cache: 'tryer' => '/home/hann0t/.cache/typescript/4.5/node_modules/@types/tryer/index.d.ts'
[21:18:46.558] Adding entry into typings cache: 'type-check' => '/home/hann0t/.cache/typescript/4.5/node_modules/@types/type-check/index.d.ts'
[21:18:46.558] Adding entry into typings cache: 'type-detect' => '/home/hann0t/.cache/typescript/4.5/node_modules/@types/type-detect/index.d.ts'
[21:18:46.558] Adding entry into typings cache: 'type-is' => '/home/hann0t/.cache/typescript/4.5/node_modules/@types/type-is/index.d.ts'
[21:18:46.558] Adding entry into typings cache: 'universalify' => '/home/hann0t/.cache/typescript/4.5/node_modules/@types/universalify/index.d.ts'
[21:18:46.559] Adding entry into typings cache: 'util-deprecate' => '/home/hann0t/.cache/typescript/4.5/node_modules/@types/util-deprecate/index.d.ts'
[21:18:46.560] Adding entry into typings cache: 'util.promisify' => '/home/hann0t/.cache/typescript/4.5/node_modules/@types/util.promisify/index.d.ts'
[21:18:46.560] Adding entry into typings cache: 'utils-merge' => '/home/hann0t/.cache/typescript/4.5/node_modules/@types/utils-merge/index.d.ts'
[21:18:46.560] Adding entry into typings cache: 'uuid' => '/home/hann0t/.cache/typescript/4.5/node_modules/@types/uuid/index.d.ts'
[21:18:46.560] Adding entry into typings cache: 'vary' => '/home/hann0t/.cache/typescript/4.5/node_modules/@types/vary/index.d.ts'
[21:18:46.561] Adding entry into typings cache: 'w3c-hr-time' => '/home/hann0t/.cache/typescript/4.5/node_modules/@types/w3c-hr-time/index.d.ts'
[21:18:46.561] Adding entry into typings cache: 'w3c-xmlserializer' => '/home/hann0t/.cache/typescript/4.5/node_modules/@types/w3c-xmlserializer/index.d.ts'
[21:18:46.561] Adding entry into typings cache: 'watchpack' => '/home/hann0t/.cache/typescript/4.5/node_modules/@types/watchpack/index.d.ts'
[21:18:46.561] Adding entry into typings cache: 'webidl-conversions' => '/home/hann0t/.cache/typescript/4.5/node_modules/@types/webidl-conversions/index.d.ts'
[21:18:46.562] Adding entry into typings cache: 'webpack-manifest-plugin' => '/home/hann0t/.cache/typescript/4.5/node_modules/@types/webpack-manifest-plugin/index.d.ts'
[21:18:46.562] Adding entry into typings cache: 'webpack-sources' => '/home/hann0t/.cache/typescript/4.5/node_modules/@types/webpack-sources/index.d.ts'
[21:18:46.562] Adding entry into typings cache: 'whatwg-encoding' => '/home/hann0t/.cache/typescript/4.5/node_modules/@types/whatwg-encoding/index.d.ts'
[21:18:46.562] Adding entry into typings cache: 'whatwg-mimetype' => '/home/hann0t/.cache/typescript/4.5/node_modules/@types/whatwg-mimetype/index.d.ts'
[21:18:46.563] Adding entry into typings cache: 'whatwg-url' => '/home/hann0t/.cache/typescript/4.5/node_modules/@types/whatwg-url/index.d.ts'
[21:18:46.563] Adding entry into typings cache: 'which' => '/home/hann0t/.cache/typescript/4.5/node_modules/@types/which/index.d.ts'
[21:18:46.563] Adding entry into typings cache: 'workbox-sw' => '/home/hann0t/.cache/typescript/4.5/node_modules/@types/workbox-sw/index.d.ts'
[21:18:46.563] Adding entry into typings cache: 'workbox-webpack-plugin' => '/home/hann0t/.cache/typescript/4.5/node_modules/@types/workbox-webpack-plugin/index.d.ts'
[21:18:46.563] Adding entry into typings cache: 'wrap-ansi' => '/home/hann0t/.cache/typescript/4.5/node_modules/@types/wrap-ansi/index.d.ts'
[21:18:46.564] Adding entry into typings cache: 'write-file-atomic' => '/home/hann0t/.cache/typescript/4.5/node_modules/@types/write-file-atomic/index.d.ts'
[21:18:46.564] Adding entry into typings cache: 'ws' => '/home/hann0t/.cache/typescript/4.5/node_modules/@types/ws/index.d.ts'
[21:18:46.564] Adding entry into typings cache: 'xtend' => '/home/hann0t/.cache/typescript/4.5/node_modules/@types/xtend/index.d.ts'
[21:18:46.564] Adding entry into typings cache: 'yallist' => '/home/hann0t/.cache/typescript/4.5/node_modules/@types/yallist/index.d.ts'
[21:18:46.565] Adding entry into typings cache: 'yargs' => '/home/hann0t/.cache/typescript/4.5/node_modules/@types/yargs/index.d.ts'
[21:18:46.565] Adding entry into typings cache: 'yargs-parser' => '/home/hann0t/.cache/typescript/4.5/node_modules/@types/yargs-parser/index.d.ts'
[21:18:46.565] Finished processing cache location '/home/hann0t/.cache/typescript/4.5'
[21:18:46.565] Process id: 5716
[21:18:46.565] NPM location: /usr/bin/npm (explicit '--npmLocation' not  provided)
[21:18:46.565] validateDefaultNpmLocation: false
[21:18:46.565] Npm config file: /home/hann0t/.cache/typescript/4.5/package.json
[21:18:46.565] Updating types-registry npm package...
[21:18:46.565] Exec: /usr/bin/npm install --ignore-scripts types-registry@latest
[21:18:48.156]     Succeeded. stdout:
    
    up to date, audited 547 packages in 1s

11 packages are looking for funding
  run `npm fund` for details

3 high severity vulnerabilities

To address all issues (including breaking changes), run:
  npm audit fix --force

Run `npm audit` for details.

[21:18:48.156] Updated types-registry npm package
